<?xml version="1.0" encoding="UTF-8"?>
<testng-results ignored="0" total="1" passed="1" failed="0" skipped="0">
  <reporter-output>
  </reporter-output>
  <suite started-at="2025-11-22T01:36:48 IST" name="Naukri Suite" finished-at="2025-11-22T01:37:06 IST" duration-ms="17906">
    <groups>
    </groups>
    <test started-at="2025-11-22T01:36:48 IST" name="Profile Update" finished-at="2025-11-22T01:37:06 IST" duration-ms="17906">
      <class name="com.example.naukri.NaukriProfileUpdateTest">
        <test-method is-config="true" signature="setup()[pri:0, instance:com.example.naukri.NaukriProfileUpdateTest@5bda8e08]" started-at="2025-11-22T01:36:48 IST" name="setup" finished-at="2025-11-22T01:36:50 IST" duration-ms="1719" status="PASS">
          <reporter-output>
          </reporter-output>
        </test-method> <!-- setup -->
        <test-method signature="updateResumeHeadline()[pri:0, instance:com.example.naukri.NaukriProfileUpdateTest@5bda8e08]" started-at="2025-11-22T01:36:50 IST" name="updateResumeHeadline" finished-at="2025-11-22T01:37:06 IST" duration-ms="15691" status="PASS">
          <reporter-output>
          </reporter-output>
        </test-method> <!-- updateResumeHeadline -->
        <test-method is-config="true" signature="onFailure(org.testng.ITestResult)[pri:0, instance:com.example.naukri.NaukriProfileUpdateTest@5bda8e08]" started-at="2025-11-22T01:37:06 IST" name="onFailure" finished-at="2025-11-22T01:37:06 IST" duration-ms="6" status="PASS">
          <params>
            <param index="0">
              <value>
                <![CDATA[[TestResult name=updateResumeHeadline status=SUCCESS method=NaukriProfileUpdateTest.updateResumeHeadline()[pri:0, instance:com.example.naukri.NaukriProfileUpdateTest@5bda8e08] output={null}]]]>
              </value>
            </param>
          </params>
          <reporter-output>
          </reporter-output>
        </test-method> <!-- onFailure -->
        <test-method is-config="true" signature="teardown()[pri:0, instance:com.example.naukri.NaukriProfileUpdateTest@5bda8e08]" started-at="2025-11-22T01:37:06 IST" name="teardown" finished-at="2025-11-22T01:37:06 IST" duration-ms="428" status="PASS">
          <reporter-output>
          </reporter-output>
        </test-method> <!-- teardown -->
      </class> <!-- com.example.naukri.NaukriProfileUpdateTest -->
    </test> <!-- Profile Update -->
  </suite> <!-- Naukri Suite -->
</testng-results>
